<?xml version="1.0" encoding="UTF-8"?>
<!-- Generated by org.testng.reporters.JUnitXMLReporter -->
<testsuite ignored="1" hostname="DESKTOP-5LVE3Q1" failures="0" tests="1" name="exampletest2" time="20.606" errors="0" timestamp="2022-04-05T11:49:32 GMT-07:00">
  <testcase classname="testclass.addnewaddress" name="verifyusercanlogin" time="6.528"/>
  <testcase classname="testclass.addnewaddress" name="verifyusercanaddnewaddress" time="0.0">
    <ignored/>
  </testcase> <!-- verifyusercanaddnewaddress -->
</testsuite> <!-- exampletest2 -->
